Terminals unused in grammar

   EOF_T
   OTHER_T


Grammar

    0 $accept: program $end

    1 program: declarationList

    2 declarationList: declarationList declaration
    3                | declaration

    4 declaration: varDeclaration
    5            | funcDeclaration

    6 varDeclaration: INT_T varDeclarationList ';'
    7               | INT_T error ';'

    8 varDeclarationList: varDeclarationList ',' varDec
    9                   | varDec

   10 varDec: ID_T
   11       | ID_T '=' expression
   12       | ID_T '[' INTCONST_T ']'

   13 funcDeclaration: INT_T ID_T '(' formalParams ')' compoundStatement
   14                | VOID_T ID_T '(' formalParams ')' compoundStatement

   15 formalParams: formalList
   16             | VOID_T
   17             | %empty

   18 formalList: formalList ',' formalParam
   19           | formalParam

   20 formalParam: INT_T ID_T
   21            | INT_T ID_T '[' ']'

   22 compoundStatement: '{' localDeclarations statementList '}'

   23 localDeclarations: localDeclarations varDeclaration
   24                  | %empty

   25 statementList: statementList statement
   26              | %empty

   27 statement: expressionStatement
   28          | compoundStatement
   29          | ifStatement
   30          | whileStatement
   31          | doWhileStatement
   32          | forStatement
   33          | returnStatement
   34          | readStatement
   35          | printStatement

   36 expressionStatement: expression ';'
   37                    | error ';'
   38                    | ';'

   39 ifStatement: IF_T '(' expression ')' statement
   40            | IF_T '(' error ')' statement
   41            | IF_T '(' expression ')' statement ELSE_T statement
   42            | IF_T '(' error ')' statement ELSE_T statement

   43 whileStatement: WHILE_T '(' expression ')' statement
   44               | WHILE_T '(' error ')' statement

   45 doWhileStatement: DO_T statement WHILE_T '(' expression ')' ';'
   46                 | DO_T statement WHILE_T '(' error ')' ';'

   47 forStatement: FOR_T '(' forHeaderExpr ';' forHeaderExpr ';' forHeaderExpr ')' statement
   48             | FOR_T '(' error ')' statement

   49 forHeaderExpr: expression
   50              | %empty

   51 returnStatement: RETURN_T ';'
   52                | RETURN_T expression ';'
   53                | RETURN_T error ';'

   54 readStatement: READ_T var ';'
   55              | READ_T error ';'

   56 printStatement: PRINT_T expression ';'
   57               | PRINT_T STRINGCONST_T ';'
   58               | PRINT_T error ';'

   59 expression: var '=' expression
   60           | rValue

   61 var: ID_T
   62    | ID_T '[' expression ']'

   63 rValue: expression '+' expression
   64       | expression '-' expression
   65       | expression '*' expression
   66       | expression '/' expression
   67       | expression '%' expression
   68       | expression '<' expression
   69       | expression LT_EQUAL_T expression
   70       | expression '>' expression
   71       | expression GT_EQUAL_T expression
   72       | expression ISEQUAL_T expression
   73       | expression NOTEQUAL_T expression
   74       | expression AND_T expression
   75       | expression OR_T expression
   76       | '!' expression
   77       | '-' expression
   78       | var
   79       | INCREMENT_T var
   80       | DECREMENT_T var
   81       | '(' expression ')'
   82       | call
   83       | INTCONST_T

   84 call: ID_T '(' args ')'

   85 args: argList
   86     | %empty

   87 argList: argList ',' expression
   88        | expression


Terminals, with rules where they appear

$end (0) 0
'!' (33) 76
'%' (37) 67
'(' (40) 13 14 39 40 41 42 43 44 45 46 47 48 81 84
')' (41) 13 14 39 40 41 42 43 44 45 46 47 48 81 84
'*' (42) 65
'+' (43) 63
',' (44) 8 18 87
'-' (45) 64 77
'/' (47) 66
';' (59) 6 7 36 37 38 45 46 47 51 52 53 54 55 56 57 58
'<' (60) 68
'=' (61) 11 59
'>' (62) 70
'[' (91) 12 21 62
']' (93) 12 21 62
'{' (123) 22
'}' (125) 22
error (256) 7 37 40 42 44 46 48 53 55 58
ID_T (258) 10 11 12 13 14 20 21 61 62 84
INTCONST_T (259) 12 83
STRINGCONST_T (260) 57
ISEQUAL_T (261) 72
NOTEQUAL_T (262) 73
LT_EQUAL_T (263) 69
GT_EQUAL_T (264) 71
INCREMENT_T (265) 79
DECREMENT_T (266) 80
AND_T (267) 74
OR_T (268) 75
INT_T (269) 6 7 13 20 21
VOID_T (270) 14 16
WHILE_T (271) 43 44 45 46
FOR_T (272) 47 48
IF_T (273) 39 40 41 42
ELSE_T (274) 41 42
RETURN_T (275) 51 52 53
READ_T (276) 54 55
PRINT_T (277) 56 57 58
EOF_T (278)
OTHER_T (279)
DO_T (280) 45 46
ERR_EXPR (281)
ERR_PRINT (282)
ERR_READ (283)
ERR_RETURN (284)
ERR_LOOP (285)
ERR_IF (286)
ERR_ELSE (287)
LOWER_THAN_ELSE (288)
NON_FUNC_DEC (289)
FUNC_DEC (290)
EXPR_P (291)
VAR_P (292)
UNARYM (293)


Nonterminals, with rules where they appear

$accept (56)
    on left: 0
program (57)
    on left: 1, on right: 0
declarationList (58)
    on left: 2 3, on right: 1 2
declaration (59)
    on left: 4 5, on right: 2 3
varDeclaration (60)
    on left: 6 7, on right: 4 23
varDeclarationList (61)
    on left: 8 9, on right: 6 8
varDec (62)
    on left: 10 11 12, on right: 8 9
funcDeclaration (63)
    on left: 13 14, on right: 5
formalParams (64)
    on left: 15 16 17, on right: 13 14
formalList (65)
    on left: 18 19, on right: 15 18
formalParam (66)
    on left: 20 21, on right: 18 19
compoundStatement (67)
    on left: 22, on right: 13 14 28
localDeclarations (68)
    on left: 23 24, on right: 22 23
statementList (69)
    on left: 25 26, on right: 22 25
statement (70)
    on left: 27 28 29 30 31 32 33 34 35, on right: 25 39 40 41 42 43
    44 45 46 47 48
expressionStatement (71)
    on left: 36 37 38, on right: 27
ifStatement (72)
    on left: 39 40 41 42, on right: 29
whileStatement (73)
    on left: 43 44, on right: 30
doWhileStatement (74)
    on left: 45 46, on right: 31
forStatement (75)
    on left: 47 48, on right: 32
forHeaderExpr (76)
    on left: 49 50, on right: 47
returnStatement (77)
    on left: 51 52 53, on right: 33
readStatement (78)
    on left: 54 55, on right: 34
printStatement (79)
    on left: 56 57 58, on right: 35
expression (80)
    on left: 59 60, on right: 11 36 39 41 43 45 49 52 56 59 62 63 64
    65 66 67 68 69 70 71 72 73 74 75 76 77 81 87 88
var (81)
    on left: 61 62, on right: 54 59 78 79 80
rValue (82)
    on left: 63 64 65 66 67 68 69 70 71 72 73 74 75 76 77 78 79 80
    81 82 83, on right: 60
call (83)
    on left: 84, on right: 82
args (84)
    on left: 85 86, on right: 84
argList (85)
    on left: 87 88, on right: 85 87


State 0

    0 $accept: . program $end

    INT_T   shift, and go to state 1
    VOID_T  shift, and go to state 2

    program          go to state 3
    declarationList  go to state 4
    declaration      go to state 5
    varDeclaration   go to state 6
    funcDeclaration  go to state 7


State 1

    6 varDeclaration: INT_T . varDeclarationList ';'
    7               | INT_T . error ';'
   13 funcDeclaration: INT_T . ID_T '(' formalParams ')' compoundStatement

    error  shift, and go to state 8
    ID_T   shift, and go to state 9

    varDeclarationList  go to state 10
    varDec              go to state 11


State 2

   14 funcDeclaration: VOID_T . ID_T '(' formalParams ')' compoundStatement

    ID_T  shift, and go to state 12


State 3

    0 $accept: program . $end

    $end  shift, and go to state 13


State 4

    1 program: declarationList .
    2 declarationList: declarationList . declaration

    INT_T   shift, and go to state 1
    VOID_T  shift, and go to state 2

    $default  reduce using rule 1 (program)

    declaration      go to state 14
    varDeclaration   go to state 6
    funcDeclaration  go to state 7


State 5

    3 declarationList: declaration .

    $default  reduce using rule 3 (declarationList)


State 6

    4 declaration: varDeclaration .

    $default  reduce using rule 4 (declaration)


State 7

    5 declaration: funcDeclaration .

    $default  reduce using rule 5 (declaration)


State 8

    7 varDeclaration: INT_T error . ';'

    ';'  shift, and go to state 15


State 9

   10 varDec: ID_T .
   11       | ID_T . '=' expression
   12       | ID_T . '[' INTCONST_T ']'
   13 funcDeclaration: INT_T ID_T . '(' formalParams ')' compoundStatement

    '('  shift, and go to state 16
    '['  shift, and go to state 17
    '='  shift, and go to state 18

    $default  reduce using rule 10 (varDec)


State 10

    6 varDeclaration: INT_T varDeclarationList . ';'
    8 varDeclarationList: varDeclarationList . ',' varDec

    ';'  shift, and go to state 19
    ','  shift, and go to state 20


State 11

    9 varDeclarationList: varDec .

    $default  reduce using rule 9 (varDeclarationList)


State 12

   14 funcDeclaration: VOID_T ID_T . '(' formalParams ')' compoundStatement

    '('  shift, and go to state 21


State 13

    0 $accept: program $end .

    $default  accept


State 14

    2 declarationList: declarationList declaration .

    $default  reduce using rule 2 (declarationList)


State 15

    7 varDeclaration: INT_T error ';' .

    $default  reduce using rule 7 (varDeclaration)


State 16

   13 funcDeclaration: INT_T ID_T '(' . formalParams ')' compoundStatement

    INT_T   shift, and go to state 22
    VOID_T  shift, and go to state 23

    $default  reduce using rule 17 (formalParams)

    formalParams  go to state 24
    formalList    go to state 25
    formalParam   go to state 26


State 17

   12 varDec: ID_T '[' . INTCONST_T ']'

    INTCONST_T  shift, and go to state 27


State 18

   11 varDec: ID_T '=' . expression

    ID_T         shift, and go to state 28
    INTCONST_T   shift, and go to state 29
    INCREMENT_T  shift, and go to state 30
    DECREMENT_T  shift, and go to state 31
    '('          shift, and go to state 32
    '-'          shift, and go to state 33
    '!'          shift, and go to state 34

    expression  go to state 35
    var         go to state 36
    rValue      go to state 37
    call        go to state 38


State 19

    6 varDeclaration: INT_T varDeclarationList ';' .

    $default  reduce using rule 6 (varDeclaration)


State 20

    8 varDeclarationList: varDeclarationList ',' . varDec

    ID_T  shift, and go to state 39

    varDec  go to state 40


State 21

   14 funcDeclaration: VOID_T ID_T '(' . formalParams ')' compoundStatement

    INT_T   shift, and go to state 22
    VOID_T  shift, and go to state 23

    $default  reduce using rule 17 (formalParams)

    formalParams  go to state 41
    formalList    go to state 25
    formalParam   go to state 26


State 22

   20 formalParam: INT_T . ID_T
   21            | INT_T . ID_T '[' ']'

    ID_T  shift, and go to state 42


State 23

   16 formalParams: VOID_T .

    $default  reduce using rule 16 (formalParams)


State 24

   13 funcDeclaration: INT_T ID_T '(' formalParams . ')' compoundStatement

    ')'  shift, and go to state 43


State 25

   15 formalParams: formalList .
   18 formalList: formalList . ',' formalParam

    ','  shift, and go to state 44

    $default  reduce using rule 15 (formalParams)


State 26

   19 formalList: formalParam .

    $default  reduce using rule 19 (formalList)


State 27

   12 varDec: ID_T '[' INTCONST_T . ']'

    ']'  shift, and go to state 45


State 28

   61 var: ID_T .
   62    | ID_T . '[' expression ']'
   84 call: ID_T . '(' args ')'

    '('  shift, and go to state 46
    '['  shift, and go to state 47

    $default  reduce using rule 61 (var)


State 29

   83 rValue: INTCONST_T .

    $default  reduce using rule 83 (rValue)


State 30

   79 rValue: INCREMENT_T . var

    ID_T  shift, and go to state 48

    var  go to state 49


State 31

   80 rValue: DECREMENT_T . var

    ID_T  shift, and go to state 48

    var  go to state 50


State 32

   81 rValue: '(' . expression ')'

    ID_T         shift, and go to state 28
    INTCONST_T   shift, and go to state 29
    INCREMENT_T  shift, and go to state 30
    DECREMENT_T  shift, and go to state 31
    '('          shift, and go to state 32
    '-'          shift, and go to state 33
    '!'          shift, and go to state 34

    expression  go to state 51
    var         go to state 36
    rValue      go to state 37
    call        go to state 38


State 33

   77 rValue: '-' . expression

    ID_T         shift, and go to state 28
    INTCONST_T   shift, and go to state 29
    INCREMENT_T  shift, and go to state 30
    DECREMENT_T  shift, and go to state 31
    '('          shift, and go to state 32
    '-'          shift, and go to state 33
    '!'          shift, and go to state 34

    expression  go to state 52
    var         go to state 36
    rValue      go to state 37
    call        go to state 38


State 34

   76 rValue: '!' . expression

    ID_T         shift, and go to state 28
    INTCONST_T   shift, and go to state 29
    INCREMENT_T  shift, and go to state 30
    DECREMENT_T  shift, and go to state 31
    '('          shift, and go to state 32
    '-'          shift, and go to state 33
    '!'          shift, and go to state 34

    expression  go to state 53
    var         go to state 36
    rValue      go to state 37
    call        go to state 38


State 35

   11 varDec: ID_T '=' expression .
   63 rValue: expression . '+' expression
   64       | expression . '-' expression
   65       | expression . '*' expression
   66       | expression . '/' expression
   67       | expression . '%' expression
   68       | expression . '<' expression
   69       | expression . LT_EQUAL_T expression
   70       | expression . '>' expression
   71       | expression . GT_EQUAL_T expression
   72       | expression . ISEQUAL_T expression
   73       | expression . NOTEQUAL_T expression
   74       | expression . AND_T expression
   75       | expression . OR_T expression

    ISEQUAL_T   shift, and go to state 54
    NOTEQUAL_T  shift, and go to state 55
    LT_EQUAL_T  shift, and go to state 56
    GT_EQUAL_T  shift, and go to state 57
    AND_T       shift, and go to state 58
    OR_T        shift, and go to state 59
    '<'         shift, and go to state 60
    '>'         shift, and go to state 61
    '+'         shift, and go to state 62
    '-'         shift, and go to state 63
    '*'         shift, and go to state 64
    '/'         shift, and go to state 65
    '%'         shift, and go to state 66

    $default  reduce using rule 11 (varDec)


State 36

   59 expression: var . '=' expression
   78 rValue: var .

    '='  shift, and go to state 67

    $default  reduce using rule 78 (rValue)


State 37

   60 expression: rValue .

    $default  reduce using rule 60 (expression)


State 38

   82 rValue: call .

    $default  reduce using rule 82 (rValue)


State 39

   10 varDec: ID_T .
   11       | ID_T . '=' expression
   12       | ID_T . '[' INTCONST_T ']'

    '['  shift, and go to state 17
    '='  shift, and go to state 18

    $default  reduce using rule 10 (varDec)


State 40

    8 varDeclarationList: varDeclarationList ',' varDec .

    $default  reduce using rule 8 (varDeclarationList)


State 41

   14 funcDeclaration: VOID_T ID_T '(' formalParams . ')' compoundStatement

    ')'  shift, and go to state 68


State 42

   20 formalParam: INT_T ID_T .
   21            | INT_T ID_T . '[' ']'

    '['  shift, and go to state 69

    $default  reduce using rule 20 (formalParam)


State 43

   13 funcDeclaration: INT_T ID_T '(' formalParams ')' . compoundStatement

    '{'  shift, and go to state 70

    compoundStatement  go to state 71


State 44

   18 formalList: formalList ',' . formalParam

    INT_T  shift, and go to state 22

    formalParam  go to state 72


State 45

   12 varDec: ID_T '[' INTCONST_T ']' .

    $default  reduce using rule 12 (varDec)


State 46

   84 call: ID_T '(' . args ')'

    ID_T         shift, and go to state 28
    INTCONST_T   shift, and go to state 29
    INCREMENT_T  shift, and go to state 30
    DECREMENT_T  shift, and go to state 31
    '('          shift, and go to state 32
    '-'          shift, and go to state 33
    '!'          shift, and go to state 34

    $default  reduce using rule 86 (args)

    expression  go to state 73
    var         go to state 36
    rValue      go to state 37
    call        go to state 38
    args        go to state 74
    argList     go to state 75


State 47

   62 var: ID_T '[' . expression ']'

    ID_T         shift, and go to state 28
    INTCONST_T   shift, and go to state 29
    INCREMENT_T  shift, and go to state 30
    DECREMENT_T  shift, and go to state 31
    '('          shift, and go to state 32
    '-'          shift, and go to state 33
    '!'          shift, and go to state 34

    expression  go to state 76
    var         go to state 36
    rValue      go to state 37
    call        go to state 38


State 48

   61 var: ID_T .
   62    | ID_T . '[' expression ']'

    '['  shift, and go to state 47

    $default  reduce using rule 61 (var)


State 49

   79 rValue: INCREMENT_T var .

    $default  reduce using rule 79 (rValue)


State 50

   80 rValue: DECREMENT_T var .

    $default  reduce using rule 80 (rValue)


State 51

   63 rValue: expression . '+' expression
   64       | expression . '-' expression
   65       | expression . '*' expression
   66       | expression . '/' expression
   67       | expression . '%' expression
   68       | expression . '<' expression
   69       | expression . LT_EQUAL_T expression
   70       | expression . '>' expression
   71       | expression . GT_EQUAL_T expression
   72       | expression . ISEQUAL_T expression
   73       | expression . NOTEQUAL_T expression
   74       | expression . AND_T expression
   75       | expression . OR_T expression
   81       | '(' expression . ')'

    ISEQUAL_T   shift, and go to state 54
    NOTEQUAL_T  shift, and go to state 55
    LT_EQUAL_T  shift, and go to state 56
    GT_EQUAL_T  shift, and go to state 57
    AND_T       shift, and go to state 58
    OR_T        shift, and go to state 59
    ')'         shift, and go to state 77
    '<'         shift, and go to state 60
    '>'         shift, and go to state 61
    '+'         shift, and go to state 62
    '-'         shift, and go to state 63
    '*'         shift, and go to state 64
    '/'         shift, and go to state 65
    '%'         shift, and go to state 66


State 52

   63 rValue: expression . '+' expression
   64       | expression . '-' expression
   65       | expression . '*' expression
   66       | expression . '/' expression
   67       | expression . '%' expression
   68       | expression . '<' expression
   69       | expression . LT_EQUAL_T expression
   70       | expression . '>' expression
   71       | expression . GT_EQUAL_T expression
   72       | expression . ISEQUAL_T expression
   73       | expression . NOTEQUAL_T expression
   74       | expression . AND_T expression
   75       | expression . OR_T expression
   77       | '-' expression .

    $default  reduce using rule 77 (rValue)


State 53

   63 rValue: expression . '+' expression
   64       | expression . '-' expression
   65       | expression . '*' expression
   66       | expression . '/' expression
   67       | expression . '%' expression
   68       | expression . '<' expression
   69       | expression . LT_EQUAL_T expression
   70       | expression . '>' expression
   71       | expression . GT_EQUAL_T expression
   72       | expression . ISEQUAL_T expression
   73       | expression . NOTEQUAL_T expression
   74       | expression . AND_T expression
   75       | expression . OR_T expression
   76       | '!' expression .

    $default  reduce using rule 76 (rValue)


State 54

   72 rValue: expression ISEQUAL_T . expression

    ID_T         shift, and go to state 28
    INTCONST_T   shift, and go to state 29
    INCREMENT_T  shift, and go to state 30
    DECREMENT_T  shift, and go to state 31
    '('          shift, and go to state 32
    '-'          shift, and go to state 33
    '!'          shift, and go to state 34

    expression  go to state 78
    var         go to state 36
    rValue      go to state 37
    call        go to state 38


State 55

   73 rValue: expression NOTEQUAL_T . expression

    ID_T         shift, and go to state 28
    INTCONST_T   shift, and go to state 29
    INCREMENT_T  shift, and go to state 30
    DECREMENT_T  shift, and go to state 31
    '('          shift, and go to state 32
    '-'          shift, and go to state 33
    '!'          shift, and go to state 34

    expression  go to state 79
    var         go to state 36
    rValue      go to state 37
    call        go to state 38


State 56

   69 rValue: expression LT_EQUAL_T . expression

    ID_T         shift, and go to state 28
    INTCONST_T   shift, and go to state 29
    INCREMENT_T  shift, and go to state 30
    DECREMENT_T  shift, and go to state 31
    '('          shift, and go to state 32
    '-'          shift, and go to state 33
    '!'          shift, and go to state 34

    expression  go to state 80
    var         go to state 36
    rValue      go to state 37
    call        go to state 38


State 57

   71 rValue: expression GT_EQUAL_T . expression

    ID_T         shift, and go to state 28
    INTCONST_T   shift, and go to state 29
    INCREMENT_T  shift, and go to state 30
    DECREMENT_T  shift, and go to state 31
    '('          shift, and go to state 32
    '-'          shift, and go to state 33
    '!'          shift, and go to state 34

    expression  go to state 81
    var         go to state 36
    rValue      go to state 37
    call        go to state 38


State 58

   74 rValue: expression AND_T . expression

    ID_T         shift, and go to state 28
    INTCONST_T   shift, and go to state 29
    INCREMENT_T  shift, and go to state 30
    DECREMENT_T  shift, and go to state 31
    '('          shift, and go to state 32
    '-'          shift, and go to state 33
    '!'          shift, and go to state 34

    expression  go to state 82
    var         go to state 36
    rValue      go to state 37
    call        go to state 38


State 59

   75 rValue: expression OR_T . expression

    ID_T         shift, and go to state 28
    INTCONST_T   shift, and go to state 29
    INCREMENT_T  shift, and go to state 30
    DECREMENT_T  shift, and go to state 31
    '('          shift, and go to state 32
    '-'          shift, and go to state 33
    '!'          shift, and go to state 34

    expression  go to state 83
    var         go to state 36
    rValue      go to state 37
    call        go to state 38


State 60

   68 rValue: expression '<' . expression

    ID_T         shift, and go to state 28
    INTCONST_T   shift, and go to state 29
    INCREMENT_T  shift, and go to state 30
    DECREMENT_T  shift, and go to state 31
    '('          shift, and go to state 32
    '-'          shift, and go to state 33
    '!'          shift, and go to state 34

    expression  go to state 84
    var         go to state 36
    rValue      go to state 37
    call        go to state 38


State 61

   70 rValue: expression '>' . expression

    ID_T         shift, and go to state 28
    INTCONST_T   shift, and go to state 29
    INCREMENT_T  shift, and go to state 30
    DECREMENT_T  shift, and go to state 31
    '('          shift, and go to state 32
    '-'          shift, and go to state 33
    '!'          shift, and go to state 34

    expression  go to state 85
    var         go to state 36
    rValue      go to state 37
    call        go to state 38


State 62

   63 rValue: expression '+' . expression

    ID_T         shift, and go to state 28
    INTCONST_T   shift, and go to state 29
    INCREMENT_T  shift, and go to state 30
    DECREMENT_T  shift, and go to state 31
    '('          shift, and go to state 32
    '-'          shift, and go to state 33
    '!'          shift, and go to state 34

    expression  go to state 86
    var         go to state 36
    rValue      go to state 37
    call        go to state 38


State 63

   64 rValue: expression '-' . expression

    ID_T         shift, and go to state 28
    INTCONST_T   shift, and go to state 29
    INCREMENT_T  shift, and go to state 30
    DECREMENT_T  shift, and go to state 31
    '('          shift, and go to state 32
    '-'          shift, and go to state 33
    '!'          shift, and go to state 34

    expression  go to state 87
    var         go to state 36
    rValue      go to state 37
    call        go to state 38


State 64

   65 rValue: expression '*' . expression

    ID_T         shift, and go to state 28
    INTCONST_T   shift, and go to state 29
    INCREMENT_T  shift, and go to state 30
    DECREMENT_T  shift, and go to state 31
    '('          shift, and go to state 32
    '-'          shift, and go to state 33
    '!'          shift, and go to state 34

    expression  go to state 88
    var         go to state 36
    rValue      go to state 37
    call        go to state 38


State 65

   66 rValue: expression '/' . expression

    ID_T         shift, and go to state 28
    INTCONST_T   shift, and go to state 29
    INCREMENT_T  shift, and go to state 30
    DECREMENT_T  shift, and go to state 31
    '('          shift, and go to state 32
    '-'          shift, and go to state 33
    '!'          shift, and go to state 34

    expression  go to state 89
    var         go to state 36
    rValue      go to state 37
    call        go to state 38


State 66

   67 rValue: expression '%' . expression

    ID_T         shift, and go to state 28
    INTCONST_T   shift, and go to state 29
    INCREMENT_T  shift, and go to state 30
    DECREMENT_T  shift, and go to state 31
    '('          shift, and go to state 32
    '-'          shift, and go to state 33
    '!'          shift, and go to state 34

    expression  go to state 90
    var         go to state 36
    rValue      go to state 37
    call        go to state 38


State 67

   59 expression: var '=' . expression

    ID_T         shift, and go to state 28
    INTCONST_T   shift, and go to state 29
    INCREMENT_T  shift, and go to state 30
    DECREMENT_T  shift, and go to state 31
    '('          shift, and go to state 32
    '-'          shift, and go to state 33
    '!'          shift, and go to state 34

    expression  go to state 91
    var         go to state 36
    rValue      go to state 37
    call        go to state 38


State 68

   14 funcDeclaration: VOID_T ID_T '(' formalParams ')' . compoundStatement

    '{'  shift, and go to state 70

    compoundStatement  go to state 92


State 69

   21 formalParam: INT_T ID_T '[' . ']'

    ']'  shift, and go to state 93


State 70

   22 compoundStatement: '{' . localDeclarations statementList '}'

    $default  reduce using rule 24 (localDeclarations)

    localDeclarations  go to state 94


State 71

   13 funcDeclaration: INT_T ID_T '(' formalParams ')' compoundStatement .

    $default  reduce using rule 13 (funcDeclaration)


State 72

   18 formalList: formalList ',' formalParam .

    $default  reduce using rule 18 (formalList)


State 73

   63 rValue: expression . '+' expression
   64       | expression . '-' expression
   65       | expression . '*' expression
   66       | expression . '/' expression
   67       | expression . '%' expression
   68       | expression . '<' expression
   69       | expression . LT_EQUAL_T expression
   70       | expression . '>' expression
   71       | expression . GT_EQUAL_T expression
   72       | expression . ISEQUAL_T expression
   73       | expression . NOTEQUAL_T expression
   74       | expression . AND_T expression
   75       | expression . OR_T expression
   88 argList: expression .

    ISEQUAL_T   shift, and go to state 54
    NOTEQUAL_T  shift, and go to state 55
    LT_EQUAL_T  shift, and go to state 56
    GT_EQUAL_T  shift, and go to state 57
    AND_T       shift, and go to state 58
    OR_T        shift, and go to state 59
    '<'         shift, and go to state 60
    '>'         shift, and go to state 61
    '+'         shift, and go to state 62
    '-'         shift, and go to state 63
    '*'         shift, and go to state 64
    '/'         shift, and go to state 65
    '%'         shift, and go to state 66

    $default  reduce using rule 88 (argList)


State 74

   84 call: ID_T '(' args . ')'

    ')'  shift, and go to state 95


State 75

   85 args: argList .
   87 argList: argList . ',' expression

    ','  shift, and go to state 96

    $default  reduce using rule 85 (args)


State 76

   62 var: ID_T '[' expression . ']'
   63 rValue: expression . '+' expression
   64       | expression . '-' expression
   65       | expression . '*' expression
   66       | expression . '/' expression
   67       | expression . '%' expression
   68       | expression . '<' expression
   69       | expression . LT_EQUAL_T expression
   70       | expression . '>' expression
   71       | expression . GT_EQUAL_T expression
   72       | expression . ISEQUAL_T expression
   73       | expression . NOTEQUAL_T expression
   74       | expression . AND_T expression
   75       | expression . OR_T expression

    ISEQUAL_T   shift, and go to state 54
    NOTEQUAL_T  shift, and go to state 55
    LT_EQUAL_T  shift, and go to state 56
    GT_EQUAL_T  shift, and go to state 57
    AND_T       shift, and go to state 58
    OR_T        shift, and go to state 59
    ']'         shift, and go to state 97
    '<'         shift, and go to state 60
    '>'         shift, and go to state 61
    '+'         shift, and go to state 62
    '-'         shift, and go to state 63
    '*'         shift, and go to state 64
    '/'         shift, and go to state 65
    '%'         shift, and go to state 66


State 77

   81 rValue: '(' expression ')' .

    $default  reduce using rule 81 (rValue)


State 78

   63 rValue: expression . '+' expression
   64       | expression . '-' expression
   65       | expression . '*' expression
   66       | expression . '/' expression
   67       | expression . '%' expression
   68       | expression . '<' expression
   69       | expression . LT_EQUAL_T expression
   70       | expression . '>' expression
   71       | expression . GT_EQUAL_T expression
   72       | expression . ISEQUAL_T expression
   72       | expression ISEQUAL_T expression .
   73       | expression . NOTEQUAL_T expression
   74       | expression . AND_T expression
   75       | expression . OR_T expression

    LT_EQUAL_T  shift, and go to state 56
    GT_EQUAL_T  shift, and go to state 57
    '<'         shift, and go to state 60
    '>'         shift, and go to state 61
    '+'         shift, and go to state 62
    '-'         shift, and go to state 63
    '*'         shift, and go to state 64
    '/'         shift, and go to state 65
    '%'         shift, and go to state 66

    $default  reduce using rule 72 (rValue)


State 79

   63 rValue: expression . '+' expression
   64       | expression . '-' expression
   65       | expression . '*' expression
   66       | expression . '/' expression
   67       | expression . '%' expression
   68       | expression . '<' expression
   69       | expression . LT_EQUAL_T expression
   70       | expression . '>' expression
   71       | expression . GT_EQUAL_T expression
   72       | expression . ISEQUAL_T expression
   73       | expression . NOTEQUAL_T expression
   73       | expression NOTEQUAL_T expression .
   74       | expression . AND_T expression
   75       | expression . OR_T expression

    LT_EQUAL_T  shift, and go to state 56
    GT_EQUAL_T  shift, and go to state 57
    '<'         shift, and go to state 60
    '>'         shift, and go to state 61
    '+'         shift, and go to state 62
    '-'         shift, and go to state 63
    '*'         shift, and go to state 64
    '/'         shift, and go to state 65
    '%'         shift, and go to state 66

    $default  reduce using rule 73 (rValue)


State 80

   63 rValue: expression . '+' expression
   64       | expression . '-' expression
   65       | expression . '*' expression
   66       | expression . '/' expression
   67       | expression . '%' expression
   68       | expression . '<' expression
   69       | expression . LT_EQUAL_T expression
   69       | expression LT_EQUAL_T expression .
   70       | expression . '>' expression
   71       | expression . GT_EQUAL_T expression
   72       | expression . ISEQUAL_T expression
   73       | expression . NOTEQUAL_T expression
   74       | expression . AND_T expression
   75       | expression . OR_T expression

    '+'  shift, and go to state 62
    '-'  shift, and go to state 63
    '*'  shift, and go to state 64
    '/'  shift, and go to state 65
    '%'  shift, and go to state 66

    $default  reduce using rule 69 (rValue)


State 81

   63 rValue: expression . '+' expression
   64       | expression . '-' expression
   65       | expression . '*' expression
   66       | expression . '/' expression
   67       | expression . '%' expression
   68       | expression . '<' expression
   69       | expression . LT_EQUAL_T expression
   70       | expression . '>' expression
   71       | expression . GT_EQUAL_T expression
   71       | expression GT_EQUAL_T expression .
   72       | expression . ISEQUAL_T expression
   73       | expression . NOTEQUAL_T expression
   74       | expression . AND_T expression
   75       | expression . OR_T expression

    '+'  shift, and go to state 62
    '-'  shift, and go to state 63
    '*'  shift, and go to state 64
    '/'  shift, and go to state 65
    '%'  shift, and go to state 66

    $default  reduce using rule 71 (rValue)


State 82

   63 rValue: expression . '+' expression
   64       | expression . '-' expression
   65       | expression . '*' expression
   66       | expression . '/' expression
   67       | expression . '%' expression
   68       | expression . '<' expression
   69       | expression . LT_EQUAL_T expression
   70       | expression . '>' expression
   71       | expression . GT_EQUAL_T expression
   72       | expression . ISEQUAL_T expression
   73       | expression . NOTEQUAL_T expression
   74       | expression . AND_T expression
   74       | expression AND_T expression .
   75       | expression . OR_T expression

    ISEQUAL_T   shift, and go to state 54
    NOTEQUAL_T  shift, and go to state 55
    LT_EQUAL_T  shift, and go to state 56
    GT_EQUAL_T  shift, and go to state 57
    '<'         shift, and go to state 60
    '>'         shift, and go to state 61
    '+'         shift, and go to state 62
    '-'         shift, and go to state 63
    '*'         shift, and go to state 64
    '/'         shift, and go to state 65
    '%'         shift, and go to state 66

    $default  reduce using rule 74 (rValue)


State 83

   63 rValue: expression . '+' expression
   64       | expression . '-' expression
   65       | expression . '*' expression
   66       | expression . '/' expression
   67       | expression . '%' expression
   68       | expression . '<' expression
   69       | expression . LT_EQUAL_T expression
   70       | expression . '>' expression
   71       | expression . GT_EQUAL_T expression
   72       | expression . ISEQUAL_T expression
   73       | expression . NOTEQUAL_T expression
   74       | expression . AND_T expression
   75       | expression . OR_T expression
   75       | expression OR_T expression .

    ISEQUAL_T   shift, and go to state 54
    NOTEQUAL_T  shift, and go to state 55
    LT_EQUAL_T  shift, and go to state 56
    GT_EQUAL_T  shift, and go to state 57
    AND_T       shift, and go to state 58
    '<'         shift, and go to state 60
    '>'         shift, and go to state 61
    '+'         shift, and go to state 62
    '-'         shift, and go to state 63
    '*'         shift, and go to state 64
    '/'         shift, and go to state 65
    '%'         shift, and go to state 66

    $default  reduce using rule 75 (rValue)


State 84

   63 rValue: expression . '+' expression
   64       | expression . '-' expression
   65       | expression . '*' expression
   66       | expression . '/' expression
   67       | expression . '%' expression
   68       | expression . '<' expression
   68       | expression '<' expression .
   69       | expression . LT_EQUAL_T expression
   70       | expression . '>' expression
   71       | expression . GT_EQUAL_T expression
   72       | expression . ISEQUAL_T expression
   73       | expression . NOTEQUAL_T expression
   74       | expression . AND_T expression
   75       | expression . OR_T expression

    '+'  shift, and go to state 62
    '-'  shift, and go to state 63
    '*'  shift, and go to state 64
    '/'  shift, and go to state 65
    '%'  shift, and go to state 66

    $default  reduce using rule 68 (rValue)


State 85

   63 rValue: expression . '+' expression
   64       | expression . '-' expression
   65       | expression . '*' expression
   66       | expression . '/' expression
   67       | expression . '%' expression
   68       | expression . '<' expression
   69       | expression . LT_EQUAL_T expression
   70       | expression . '>' expression
   70       | expression '>' expression .
   71       | expression . GT_EQUAL_T expression
   72       | expression . ISEQUAL_T expression
   73       | expression . NOTEQUAL_T expression
   74       | expression . AND_T expression
   75       | expression . OR_T expression

    '+'  shift, and go to state 62
    '-'  shift, and go to state 63
    '*'  shift, and go to state 64
    '/'  shift, and go to state 65
    '%'  shift, and go to state 66

    $default  reduce using rule 70 (rValue)


State 86

   63 rValue: expression . '+' expression
   63       | expression '+' expression .
   64       | expression . '-' expression
   65       | expression . '*' expression
   66       | expression . '/' expression
   67       | expression . '%' expression
   68       | expression . '<' expression
   69       | expression . LT_EQUAL_T expression
   70       | expression . '>' expression
   71       | expression . GT_EQUAL_T expression
   72       | expression . ISEQUAL_T expression
   73       | expression . NOTEQUAL_T expression
   74       | expression . AND_T expression
   75       | expression . OR_T expression

    '*'  shift, and go to state 64
    '/'  shift, and go to state 65
    '%'  shift, and go to state 66

    $default  reduce using rule 63 (rValue)


State 87

   63 rValue: expression . '+' expression
   64       | expression . '-' expression
   64       | expression '-' expression .
   65       | expression . '*' expression
   66       | expression . '/' expression
   67       | expression . '%' expression
   68       | expression . '<' expression
   69       | expression . LT_EQUAL_T expression
   70       | expression . '>' expression
   71       | expression . GT_EQUAL_T expression
   72       | expression . ISEQUAL_T expression
   73       | expression . NOTEQUAL_T expression
   74       | expression . AND_T expression
   75       | expression . OR_T expression

    '*'  shift, and go to state 64
    '/'  shift, and go to state 65
    '%'  shift, and go to state 66

    $default  reduce using rule 64 (rValue)


State 88

   63 rValue: expression . '+' expression
   64       | expression . '-' expression
   65       | expression . '*' expression
   65       | expression '*' expression .
   66       | expression . '/' expression
   67       | expression . '%' expression
   68       | expression . '<' expression
   69       | expression . LT_EQUAL_T expression
   70       | expression . '>' expression
   71       | expression . GT_EQUAL_T expression
   72       | expression . ISEQUAL_T expression
   73       | expression . NOTEQUAL_T expression
   74       | expression . AND_T expression
   75       | expression . OR_T expression

    $default  reduce using rule 65 (rValue)


State 89

   63 rValue: expression . '+' expression
   64       | expression . '-' expression
   65       | expression . '*' expression
   66       | expression . '/' expression
   66       | expression '/' expression .
   67       | expression . '%' expression
   68       | expression . '<' expression
   69       | expression . LT_EQUAL_T expression
   70       | expression . '>' expression
   71       | expression . GT_EQUAL_T expression
   72       | expression . ISEQUAL_T expression
   73       | expression . NOTEQUAL_T expression
   74       | expression . AND_T expression
   75       | expression . OR_T expression

    $default  reduce using rule 66 (rValue)


State 90

   63 rValue: expression . '+' expression
   64       | expression . '-' expression
   65       | expression . '*' expression
   66       | expression . '/' expression
   67       | expression . '%' expression
   67       | expression '%' expression .
   68       | expression . '<' expression
   69       | expression . LT_EQUAL_T expression
   70       | expression . '>' expression
   71       | expression . GT_EQUAL_T expression
   72       | expression . ISEQUAL_T expression
   73       | expression . NOTEQUAL_T expression
   74       | expression . AND_T expression
   75       | expression . OR_T expression

    $default  reduce using rule 67 (rValue)


State 91

   59 expression: var '=' expression .
   63 rValue: expression . '+' expression
   64       | expression . '-' expression
   65       | expression . '*' expression
   66       | expression . '/' expression
   67       | expression . '%' expression
   68       | expression . '<' expression
   69       | expression . LT_EQUAL_T expression
   70       | expression . '>' expression
   71       | expression . GT_EQUAL_T expression
   72       | expression . ISEQUAL_T expression
   73       | expression . NOTEQUAL_T expression
   74       | expression . AND_T expression
   75       | expression . OR_T expression

    ISEQUAL_T   shift, and go to state 54
    NOTEQUAL_T  shift, and go to state 55
    LT_EQUAL_T  shift, and go to state 56
    GT_EQUAL_T  shift, and go to state 57
    AND_T       shift, and go to state 58
    OR_T        shift, and go to state 59
    '<'         shift, and go to state 60
    '>'         shift, and go to state 61
    '+'         shift, and go to state 62
    '-'         shift, and go to state 63
    '*'         shift, and go to state 64
    '/'         shift, and go to state 65
    '%'         shift, and go to state 66

    $default  reduce using rule 59 (expression)


State 92

   14 funcDeclaration: VOID_T ID_T '(' formalParams ')' compoundStatement .

    $default  reduce using rule 14 (funcDeclaration)


State 93

   21 formalParam: INT_T ID_T '[' ']' .

    $default  reduce using rule 21 (formalParam)


State 94

   22 compoundStatement: '{' localDeclarations . statementList '}'
   23 localDeclarations: localDeclarations . varDeclaration

    INT_T  shift, and go to state 98

    $default  reduce using rule 26 (statementList)

    varDeclaration  go to state 99
    statementList   go to state 100


State 95

   84 call: ID_T '(' args ')' .

    $default  reduce using rule 84 (call)


State 96

   87 argList: argList ',' . expression

    ID_T         shift, and go to state 28
    INTCONST_T   shift, and go to state 29
    INCREMENT_T  shift, and go to state 30
    DECREMENT_T  shift, and go to state 31
    '('          shift, and go to state 32
    '-'          shift, and go to state 33
    '!'          shift, and go to state 34

    expression  go to state 101
    var         go to state 36
    rValue      go to state 37
    call        go to state 38


State 97

   62 var: ID_T '[' expression ']' .

    $default  reduce using rule 62 (var)


State 98

    6 varDeclaration: INT_T . varDeclarationList ';'
    7               | INT_T . error ';'

    error  shift, and go to state 8
    ID_T   shift, and go to state 39

    varDeclarationList  go to state 10
    varDec              go to state 11


State 99

   23 localDeclarations: localDeclarations varDeclaration .

    $default  reduce using rule 23 (localDeclarations)


State 100

   22 compoundStatement: '{' localDeclarations statementList . '}'
   25 statementList: statementList . statement

    error        shift, and go to state 102
    ID_T         shift, and go to state 28
    INTCONST_T   shift, and go to state 29
    INCREMENT_T  shift, and go to state 30
    DECREMENT_T  shift, and go to state 31
    WHILE_T      shift, and go to state 103
    FOR_T        shift, and go to state 104
    IF_T         shift, and go to state 105
    RETURN_T     shift, and go to state 106
    READ_T       shift, and go to state 107
    PRINT_T      shift, and go to state 108
    DO_T         shift, and go to state 109
    '('          shift, and go to state 32
    '-'          shift, and go to state 33
    '!'          shift, and go to state 34
    ';'          shift, and go to state 110
    '{'          shift, and go to state 70
    '}'          shift, and go to state 111

    compoundStatement    go to state 112
    statement            go to state 113
    expressionStatement  go to state 114
    ifStatement          go to state 115
    whileStatement       go to state 116
    doWhileStatement     go to state 117
    forStatement         go to state 118
    returnStatement      go to state 119
    readStatement        go to state 120
    printStatement       go to state 121
    expression           go to state 122
    var                  go to state 36
    rValue               go to state 37
    call                 go to state 38


State 101

   63 rValue: expression . '+' expression
   64       | expression . '-' expression
   65       | expression . '*' expression
   66       | expression . '/' expression
   67       | expression . '%' expression
   68       | expression . '<' expression
   69       | expression . LT_EQUAL_T expression
   70       | expression . '>' expression
   71       | expression . GT_EQUAL_T expression
   72       | expression . ISEQUAL_T expression
   73       | expression . NOTEQUAL_T expression
   74       | expression . AND_T expression
   75       | expression . OR_T expression
   87 argList: argList ',' expression .

    ISEQUAL_T   shift, and go to state 54
    NOTEQUAL_T  shift, and go to state 55
    LT_EQUAL_T  shift, and go to state 56
    GT_EQUAL_T  shift, and go to state 57
    AND_T       shift, and go to state 58
    OR_T        shift, and go to state 59
    '<'         shift, and go to state 60
    '>'         shift, and go to state 61
    '+'         shift, and go to state 62
    '-'         shift, and go to state 63
    '*'         shift, and go to state 64
    '/'         shift, and go to state 65
    '%'         shift, and go to state 66

    $default  reduce using rule 87 (argList)


State 102

   37 expressionStatement: error . ';'

    ';'  shift, and go to state 123


State 103

   43 whileStatement: WHILE_T . '(' expression ')' statement
   44               | WHILE_T . '(' error ')' statement

    '('  shift, and go to state 124


State 104

   47 forStatement: FOR_T . '(' forHeaderExpr ';' forHeaderExpr ';' forHeaderExpr ')' statement
   48             | FOR_T . '(' error ')' statement

    '('  shift, and go to state 125


State 105

   39 ifStatement: IF_T . '(' expression ')' statement
   40            | IF_T . '(' error ')' statement
   41            | IF_T . '(' expression ')' statement ELSE_T statement
   42            | IF_T . '(' error ')' statement ELSE_T statement

    '('  shift, and go to state 126


State 106

   51 returnStatement: RETURN_T . ';'
   52                | RETURN_T . expression ';'
   53                | RETURN_T . error ';'

    error        shift, and go to state 127
    ID_T         shift, and go to state 28
    INTCONST_T   shift, and go to state 29
    INCREMENT_T  shift, and go to state 30
    DECREMENT_T  shift, and go to state 31
    '('          shift, and go to state 32
    '-'          shift, and go to state 33
    '!'          shift, and go to state 34
    ';'          shift, and go to state 128

    expression  go to state 129
    var         go to state 36
    rValue      go to state 37
    call        go to state 38


State 107

   54 readStatement: READ_T . var ';'
   55              | READ_T . error ';'

    error  shift, and go to state 130
    ID_T   shift, and go to state 48

    var  go to state 131


State 108

   56 printStatement: PRINT_T . expression ';'
   57               | PRINT_T . STRINGCONST_T ';'
   58               | PRINT_T . error ';'

    error          shift, and go to state 132
    ID_T           shift, and go to state 28
    INTCONST_T     shift, and go to state 29
    STRINGCONST_T  shift, and go to state 133
    INCREMENT_T    shift, and go to state 30
    DECREMENT_T    shift, and go to state 31
    '('            shift, and go to state 32
    '-'            shift, and go to state 33
    '!'            shift, and go to state 34

    expression  go to state 134
    var         go to state 36
    rValue      go to state 37
    call        go to state 38


State 109

   45 doWhileStatement: DO_T . statement WHILE_T '(' expression ')' ';'
   46                 | DO_T . statement WHILE_T '(' error ')' ';'

    error        shift, and go to state 102
    ID_T         shift, and go to state 28
    INTCONST_T   shift, and go to state 29
    INCREMENT_T  shift, and go to state 30
    DECREMENT_T  shift, and go to state 31
    WHILE_T      shift, and go to state 103
    FOR_T        shift, and go to state 104
    IF_T         shift, and go to state 105
    RETURN_T     shift, and go to state 106
    READ_T       shift, and go to state 107
    PRINT_T      shift, and go to state 108
    DO_T         shift, and go to state 109
    '('          shift, and go to state 32
    '-'          shift, and go to state 33
    '!'          shift, and go to state 34
    ';'          shift, and go to state 110
    '{'          shift, and go to state 70

    compoundStatement    go to state 112
    statement            go to state 135
    expressionStatement  go to state 114
    ifStatement          go to state 115
    whileStatement       go to state 116
    doWhileStatement     go to state 117
    forStatement         go to state 118
    returnStatement      go to state 119
    readStatement        go to state 120
    printStatement       go to state 121
    expression           go to state 122
    var                  go to state 36
    rValue               go to state 37
    call                 go to state 38


State 110

   38 expressionStatement: ';' .

    $default  reduce using rule 38 (expressionStatement)


State 111

   22 compoundStatement: '{' localDeclarations statementList '}' .

    $default  reduce using rule 22 (compoundStatement)


State 112

   28 statement: compoundStatement .

    $default  reduce using rule 28 (statement)


State 113

   25 statementList: statementList statement .

    $default  reduce using rule 25 (statementList)


State 114

   27 statement: expressionStatement .

    $default  reduce using rule 27 (statement)


State 115

   29 statement: ifStatement .

    $default  reduce using rule 29 (statement)


State 116

   30 statement: whileStatement .

    $default  reduce using rule 30 (statement)


State 117

   31 statement: doWhileStatement .

    $default  reduce using rule 31 (statement)


State 118

   32 statement: forStatement .

    $default  reduce using rule 32 (statement)


State 119

   33 statement: returnStatement .

    $default  reduce using rule 33 (statement)


State 120

   34 statement: readStatement .

    $default  reduce using rule 34 (statement)


State 121

   35 statement: printStatement .

    $default  reduce using rule 35 (statement)


State 122

   36 expressionStatement: expression . ';'
   63 rValue: expression . '+' expression
   64       | expression . '-' expression
   65       | expression . '*' expression
   66       | expression . '/' expression
   67       | expression . '%' expression
   68       | expression . '<' expression
   69       | expression . LT_EQUAL_T expression
   70       | expression . '>' expression
   71       | expression . GT_EQUAL_T expression
   72       | expression . ISEQUAL_T expression
   73       | expression . NOTEQUAL_T expression
   74       | expression . AND_T expression
   75       | expression . OR_T expression

    ISEQUAL_T   shift, and go to state 54
    NOTEQUAL_T  shift, and go to state 55
    LT_EQUAL_T  shift, and go to state 56
    GT_EQUAL_T  shift, and go to state 57
    AND_T       shift, and go to state 58
    OR_T        shift, and go to state 59
    '<'         shift, and go to state 60
    '>'         shift, and go to state 61
    '+'         shift, and go to state 62
    '-'         shift, and go to state 63
    '*'         shift, and go to state 64
    '/'         shift, and go to state 65
    '%'         shift, and go to state 66
    ';'         shift, and go to state 136


State 123

   37 expressionStatement: error ';' .

    $default  reduce using rule 37 (expressionStatement)


State 124

   43 whileStatement: WHILE_T '(' . expression ')' statement
   44               | WHILE_T '(' . error ')' statement

    error        shift, and go to state 137
    ID_T         shift, and go to state 28
    INTCONST_T   shift, and go to state 29
    INCREMENT_T  shift, and go to state 30
    DECREMENT_T  shift, and go to state 31
    '('          shift, and go to state 32
    '-'          shift, and go to state 33
    '!'          shift, and go to state 34

    expression  go to state 138
    var         go to state 36
    rValue      go to state 37
    call        go to state 38


State 125

   47 forStatement: FOR_T '(' . forHeaderExpr ';' forHeaderExpr ';' forHeaderExpr ')' statement
   48             | FOR_T '(' . error ')' statement

    error        shift, and go to state 139
    ID_T         shift, and go to state 28
    INTCONST_T   shift, and go to state 29
    INCREMENT_T  shift, and go to state 30
    DECREMENT_T  shift, and go to state 31
    '('          shift, and go to state 32
    '-'          shift, and go to state 33
    '!'          shift, and go to state 34

    ';'  reduce using rule 50 (forHeaderExpr)

    forHeaderExpr  go to state 140
    expression     go to state 141
    var            go to state 36
    rValue         go to state 37
    call           go to state 38


State 126

   39 ifStatement: IF_T '(' . expression ')' statement
   40            | IF_T '(' . error ')' statement
   41            | IF_T '(' . expression ')' statement ELSE_T statement
   42            | IF_T '(' . error ')' statement ELSE_T statement

    error        shift, and go to state 142
    ID_T         shift, and go to state 28
    INTCONST_T   shift, and go to state 29
    INCREMENT_T  shift, and go to state 30
    DECREMENT_T  shift, and go to state 31
    '('          shift, and go to state 32
    '-'          shift, and go to state 33
    '!'          shift, and go to state 34

    expression  go to state 143
    var         go to state 36
    rValue      go to state 37
    call        go to state 38


State 127

   53 returnStatement: RETURN_T error . ';'

    ';'  shift, and go to state 144


State 128

   51 returnStatement: RETURN_T ';' .

    $default  reduce using rule 51 (returnStatement)


State 129

   52 returnStatement: RETURN_T expression . ';'
   63 rValue: expression . '+' expression
   64       | expression . '-' expression
   65       | expression . '*' expression
   66       | expression . '/' expression
   67       | expression . '%' expression
   68       | expression . '<' expression
   69       | expression . LT_EQUAL_T expression
   70       | expression . '>' expression
   71       | expression . GT_EQUAL_T expression
   72       | expression . ISEQUAL_T expression
   73       | expression . NOTEQUAL_T expression
   74       | expression . AND_T expression
   75       | expression . OR_T expression

    ISEQUAL_T   shift, and go to state 54
    NOTEQUAL_T  shift, and go to state 55
    LT_EQUAL_T  shift, and go to state 56
    GT_EQUAL_T  shift, and go to state 57
    AND_T       shift, and go to state 58
    OR_T        shift, and go to state 59
    '<'         shift, and go to state 60
    '>'         shift, and go to state 61
    '+'         shift, and go to state 62
    '-'         shift, and go to state 63
    '*'         shift, and go to state 64
    '/'         shift, and go to state 65
    '%'         shift, and go to state 66
    ';'         shift, and go to state 145


State 130

   55 readStatement: READ_T error . ';'

    ';'  shift, and go to state 146


State 131

   54 readStatement: READ_T var . ';'

    ';'  shift, and go to state 147


State 132

   58 printStatement: PRINT_T error . ';'

    ';'  shift, and go to state 148


State 133

   57 printStatement: PRINT_T STRINGCONST_T . ';'

    ';'  shift, and go to state 149


State 134

   56 printStatement: PRINT_T expression . ';'
   63 rValue: expression . '+' expression
   64       | expression . '-' expression
   65       | expression . '*' expression
   66       | expression . '/' expression
   67       | expression . '%' expression
   68       | expression . '<' expression
   69       | expression . LT_EQUAL_T expression
   70       | expression . '>' expression
   71       | expression . GT_EQUAL_T expression
   72       | expression . ISEQUAL_T expression
   73       | expression . NOTEQUAL_T expression
   74       | expression . AND_T expression
   75       | expression . OR_T expression

    ISEQUAL_T   shift, and go to state 54
    NOTEQUAL_T  shift, and go to state 55
    LT_EQUAL_T  shift, and go to state 56
    GT_EQUAL_T  shift, and go to state 57
    AND_T       shift, and go to state 58
    OR_T        shift, and go to state 59
    '<'         shift, and go to state 60
    '>'         shift, and go to state 61
    '+'         shift, and go to state 62
    '-'         shift, and go to state 63
    '*'         shift, and go to state 64
    '/'         shift, and go to state 65
    '%'         shift, and go to state 66
    ';'         shift, and go to state 150


State 135

   45 doWhileStatement: DO_T statement . WHILE_T '(' expression ')' ';'
   46                 | DO_T statement . WHILE_T '(' error ')' ';'

    WHILE_T  shift, and go to state 151


State 136

   36 expressionStatement: expression ';' .

    $default  reduce using rule 36 (expressionStatement)


State 137

   44 whileStatement: WHILE_T '(' error . ')' statement

    ')'  shift, and go to state 152


State 138

   43 whileStatement: WHILE_T '(' expression . ')' statement
   63 rValue: expression . '+' expression
   64       | expression . '-' expression
   65       | expression . '*' expression
   66       | expression . '/' expression
   67       | expression . '%' expression
   68       | expression . '<' expression
   69       | expression . LT_EQUAL_T expression
   70       | expression . '>' expression
   71       | expression . GT_EQUAL_T expression
   72       | expression . ISEQUAL_T expression
   73       | expression . NOTEQUAL_T expression
   74       | expression . AND_T expression
   75       | expression . OR_T expression

    ISEQUAL_T   shift, and go to state 54
    NOTEQUAL_T  shift, and go to state 55
    LT_EQUAL_T  shift, and go to state 56
    GT_EQUAL_T  shift, and go to state 57
    AND_T       shift, and go to state 58
    OR_T        shift, and go to state 59
    ')'         shift, and go to state 153
    '<'         shift, and go to state 60
    '>'         shift, and go to state 61
    '+'         shift, and go to state 62
    '-'         shift, and go to state 63
    '*'         shift, and go to state 64
    '/'         shift, and go to state 65
    '%'         shift, and go to state 66


State 139

   48 forStatement: FOR_T '(' error . ')' statement

    ')'  shift, and go to state 154


State 140

   47 forStatement: FOR_T '(' forHeaderExpr . ';' forHeaderExpr ';' forHeaderExpr ')' statement

    ';'  shift, and go to state 155


State 141

   49 forHeaderExpr: expression .
   63 rValue: expression . '+' expression
   64       | expression . '-' expression
   65       | expression . '*' expression
   66       | expression . '/' expression
   67       | expression . '%' expression
   68       | expression . '<' expression
   69       | expression . LT_EQUAL_T expression
   70       | expression . '>' expression
   71       | expression . GT_EQUAL_T expression
   72       | expression . ISEQUAL_T expression
   73       | expression . NOTEQUAL_T expression
   74       | expression . AND_T expression
   75       | expression . OR_T expression

    ISEQUAL_T   shift, and go to state 54
    NOTEQUAL_T  shift, and go to state 55
    LT_EQUAL_T  shift, and go to state 56
    GT_EQUAL_T  shift, and go to state 57
    AND_T       shift, and go to state 58
    OR_T        shift, and go to state 59
    '<'         shift, and go to state 60
    '>'         shift, and go to state 61
    '+'         shift, and go to state 62
    '-'         shift, and go to state 63
    '*'         shift, and go to state 64
    '/'         shift, and go to state 65
    '%'         shift, and go to state 66

    $default  reduce using rule 49 (forHeaderExpr)


State 142

   40 ifStatement: IF_T '(' error . ')' statement
   42            | IF_T '(' error . ')' statement ELSE_T statement

    ')'  shift, and go to state 156


State 143

   39 ifStatement: IF_T '(' expression . ')' statement
   41            | IF_T '(' expression . ')' statement ELSE_T statement
   63 rValue: expression . '+' expression
   64       | expression . '-' expression
   65       | expression . '*' expression
   66       | expression . '/' expression
   67       | expression . '%' expression
   68       | expression . '<' expression
   69       | expression . LT_EQUAL_T expression
   70       | expression . '>' expression
   71       | expression . GT_EQUAL_T expression
   72       | expression . ISEQUAL_T expression
   73       | expression . NOTEQUAL_T expression
   74       | expression . AND_T expression
   75       | expression . OR_T expression

    ISEQUAL_T   shift, and go to state 54
    NOTEQUAL_T  shift, and go to state 55
    LT_EQUAL_T  shift, and go to state 56
    GT_EQUAL_T  shift, and go to state 57
    AND_T       shift, and go to state 58
    OR_T        shift, and go to state 59
    ')'         shift, and go to state 157
    '<'         shift, and go to state 60
    '>'         shift, and go to state 61
    '+'         shift, and go to state 62
    '-'         shift, and go to state 63
    '*'         shift, and go to state 64
    '/'         shift, and go to state 65
    '%'         shift, and go to state 66


State 144

   53 returnStatement: RETURN_T error ';' .

    $default  reduce using rule 53 (returnStatement)


State 145

   52 returnStatement: RETURN_T expression ';' .

    $default  reduce using rule 52 (returnStatement)


State 146

   55 readStatement: READ_T error ';' .

    $default  reduce using rule 55 (readStatement)


State 147

   54 readStatement: READ_T var ';' .

    $default  reduce using rule 54 (readStatement)


State 148

   58 printStatement: PRINT_T error ';' .

    $default  reduce using rule 58 (printStatement)


State 149

   57 printStatement: PRINT_T STRINGCONST_T ';' .

    $default  reduce using rule 57 (printStatement)


State 150

   56 printStatement: PRINT_T expression ';' .

    $default  reduce using rule 56 (printStatement)


State 151

   45 doWhileStatement: DO_T statement WHILE_T . '(' expression ')' ';'
   46                 | DO_T statement WHILE_T . '(' error ')' ';'

    '('  shift, and go to state 158


State 152

   44 whileStatement: WHILE_T '(' error ')' . statement

    error        shift, and go to state 102
    ID_T         shift, and go to state 28
    INTCONST_T   shift, and go to state 29
    INCREMENT_T  shift, and go to state 30
    DECREMENT_T  shift, and go to state 31
    WHILE_T      shift, and go to state 103
    FOR_T        shift, and go to state 104
    IF_T         shift, and go to state 105
    RETURN_T     shift, and go to state 106
    READ_T       shift, and go to state 107
    PRINT_T      shift, and go to state 108
    DO_T         shift, and go to state 109
    '('          shift, and go to state 32
    '-'          shift, and go to state 33
    '!'          shift, and go to state 34
    ';'          shift, and go to state 110
    '{'          shift, and go to state 70

    compoundStatement    go to state 112
    statement            go to state 159
    expressionStatement  go to state 114
    ifStatement          go to state 115
    whileStatement       go to state 116
    doWhileStatement     go to state 117
    forStatement         go to state 118
    returnStatement      go to state 119
    readStatement        go to state 120
    printStatement       go to state 121
    expression           go to state 122
    var                  go to state 36
    rValue               go to state 37
    call                 go to state 38


State 153

   43 whileStatement: WHILE_T '(' expression ')' . statement

    error        shift, and go to state 102
    ID_T         shift, and go to state 28
    INTCONST_T   shift, and go to state 29
    INCREMENT_T  shift, and go to state 30
    DECREMENT_T  shift, and go to state 31
    WHILE_T      shift, and go to state 103
    FOR_T        shift, and go to state 104
    IF_T         shift, and go to state 105
    RETURN_T     shift, and go to state 106
    READ_T       shift, and go to state 107
    PRINT_T      shift, and go to state 108
    DO_T         shift, and go to state 109
    '('          shift, and go to state 32
    '-'          shift, and go to state 33
    '!'          shift, and go to state 34
    ';'          shift, and go to state 110
    '{'          shift, and go to state 70

    compoundStatement    go to state 112
    statement            go to state 160
    expressionStatement  go to state 114
    ifStatement          go to state 115
    whileStatement       go to state 116
    doWhileStatement     go to state 117
    forStatement         go to state 118
    returnStatement      go to state 119
    readStatement        go to state 120
    printStatement       go to state 121
    expression           go to state 122
    var                  go to state 36
    rValue               go to state 37
    call                 go to state 38


State 154

   48 forStatement: FOR_T '(' error ')' . statement

    error        shift, and go to state 102
    ID_T         shift, and go to state 28
    INTCONST_T   shift, and go to state 29
    INCREMENT_T  shift, and go to state 30
    DECREMENT_T  shift, and go to state 31
    WHILE_T      shift, and go to state 103
    FOR_T        shift, and go to state 104
    IF_T         shift, and go to state 105
    RETURN_T     shift, and go to state 106
    READ_T       shift, and go to state 107
    PRINT_T      shift, and go to state 108
    DO_T         shift, and go to state 109
    '('          shift, and go to state 32
    '-'          shift, and go to state 33
    '!'          shift, and go to state 34
    ';'          shift, and go to state 110
    '{'          shift, and go to state 70

    compoundStatement    go to state 112
    statement            go to state 161
    expressionStatement  go to state 114
    ifStatement          go to state 115
    whileStatement       go to state 116
    doWhileStatement     go to state 117
    forStatement         go to state 118
    returnStatement      go to state 119
    readStatement        go to state 120
    printStatement       go to state 121
    expression           go to state 122
    var                  go to state 36
    rValue               go to state 37
    call                 go to state 38


State 155

   47 forStatement: FOR_T '(' forHeaderExpr ';' . forHeaderExpr ';' forHeaderExpr ')' statement

    ID_T         shift, and go to state 28
    INTCONST_T   shift, and go to state 29
    INCREMENT_T  shift, and go to state 30
    DECREMENT_T  shift, and go to state 31
    '('          shift, and go to state 32
    '-'          shift, and go to state 33
    '!'          shift, and go to state 34

    $default  reduce using rule 50 (forHeaderExpr)

    forHeaderExpr  go to state 162
    expression     go to state 141
    var            go to state 36
    rValue         go to state 37
    call           go to state 38


State 156

   40 ifStatement: IF_T '(' error ')' . statement
   42            | IF_T '(' error ')' . statement ELSE_T statement

    error        shift, and go to state 102
    ID_T         shift, and go to state 28
    INTCONST_T   shift, and go to state 29
    INCREMENT_T  shift, and go to state 30
    DECREMENT_T  shift, and go to state 31
    WHILE_T      shift, and go to state 103
    FOR_T        shift, and go to state 104
    IF_T         shift, and go to state 105
    RETURN_T     shift, and go to state 106
    READ_T       shift, and go to state 107
    PRINT_T      shift, and go to state 108
    DO_T         shift, and go to state 109
    '('          shift, and go to state 32
    '-'          shift, and go to state 33
    '!'          shift, and go to state 34
    ';'          shift, and go to state 110
    '{'          shift, and go to state 70

    compoundStatement    go to state 112
    statement            go to state 163
    expressionStatement  go to state 114
    ifStatement          go to state 115
    whileStatement       go to state 116
    doWhileStatement     go to state 117
    forStatement         go to state 118
    returnStatement      go to state 119
    readStatement        go to state 120
    printStatement       go to state 121
    expression           go to state 122
    var                  go to state 36
    rValue               go to state 37
    call                 go to state 38


State 157

   39 ifStatement: IF_T '(' expression ')' . statement
   41            | IF_T '(' expression ')' . statement ELSE_T statement

    error        shift, and go to state 102
    ID_T         shift, and go to state 28
    INTCONST_T   shift, and go to state 29
    INCREMENT_T  shift, and go to state 30
    DECREMENT_T  shift, and go to state 31
    WHILE_T      shift, and go to state 103
    FOR_T        shift, and go to state 104
    IF_T         shift, and go to state 105
    RETURN_T     shift, and go to state 106
    READ_T       shift, and go to state 107
    PRINT_T      shift, and go to state 108
    DO_T         shift, and go to state 109
    '('          shift, and go to state 32
    '-'          shift, and go to state 33
    '!'          shift, and go to state 34
    ';'          shift, and go to state 110
    '{'          shift, and go to state 70

    compoundStatement    go to state 112
    statement            go to state 164
    expressionStatement  go to state 114
    ifStatement          go to state 115
    whileStatement       go to state 116
    doWhileStatement     go to state 117
    forStatement         go to state 118
    returnStatement      go to state 119
    readStatement        go to state 120
    printStatement       go to state 121
    expression           go to state 122
    var                  go to state 36
    rValue               go to state 37
    call                 go to state 38


State 158

   45 doWhileStatement: DO_T statement WHILE_T '(' . expression ')' ';'
   46                 | DO_T statement WHILE_T '(' . error ')' ';'

    error        shift, and go to state 165
    ID_T         shift, and go to state 28
    INTCONST_T   shift, and go to state 29
    INCREMENT_T  shift, and go to state 30
    DECREMENT_T  shift, and go to state 31
    '('          shift, and go to state 32
    '-'          shift, and go to state 33
    '!'          shift, and go to state 34

    expression  go to state 166
    var         go to state 36
    rValue      go to state 37
    call        go to state 38


State 159

   44 whileStatement: WHILE_T '(' error ')' statement .

    $default  reduce using rule 44 (whileStatement)


State 160

   43 whileStatement: WHILE_T '(' expression ')' statement .

    $default  reduce using rule 43 (whileStatement)


State 161

   48 forStatement: FOR_T '(' error ')' statement .

    $default  reduce using rule 48 (forStatement)


State 162

   47 forStatement: FOR_T '(' forHeaderExpr ';' forHeaderExpr . ';' forHeaderExpr ')' statement

    ';'  shift, and go to state 167


State 163

   40 ifStatement: IF_T '(' error ')' statement .
   42            | IF_T '(' error ')' statement . ELSE_T statement

    ELSE_T  shift, and go to state 168

    $default  reduce using rule 40 (ifStatement)


State 164

   39 ifStatement: IF_T '(' expression ')' statement .
   41            | IF_T '(' expression ')' statement . ELSE_T statement

    ELSE_T  shift, and go to state 169

    $default  reduce using rule 39 (ifStatement)


State 165

   46 doWhileStatement: DO_T statement WHILE_T '(' error . ')' ';'

    ')'  shift, and go to state 170


State 166

   45 doWhileStatement: DO_T statement WHILE_T '(' expression . ')' ';'
   63 rValue: expression . '+' expression
   64       | expression . '-' expression
   65       | expression . '*' expression
   66       | expression . '/' expression
   67       | expression . '%' expression
   68       | expression . '<' expression
   69       | expression . LT_EQUAL_T expression
   70       | expression . '>' expression
   71       | expression . GT_EQUAL_T expression
   72       | expression . ISEQUAL_T expression
   73       | expression . NOTEQUAL_T expression
   74       | expression . AND_T expression
   75       | expression . OR_T expression

    ISEQUAL_T   shift, and go to state 54
    NOTEQUAL_T  shift, and go to state 55
    LT_EQUAL_T  shift, and go to state 56
    GT_EQUAL_T  shift, and go to state 57
    AND_T       shift, and go to state 58
    OR_T        shift, and go to state 59
    ')'         shift, and go to state 171
    '<'         shift, and go to state 60
    '>'         shift, and go to state 61
    '+'         shift, and go to state 62
    '-'         shift, and go to state 63
    '*'         shift, and go to state 64
    '/'         shift, and go to state 65
    '%'         shift, and go to state 66


State 167

   47 forStatement: FOR_T '(' forHeaderExpr ';' forHeaderExpr ';' . forHeaderExpr ')' statement

    ID_T         shift, and go to state 28
    INTCONST_T   shift, and go to state 29
    INCREMENT_T  shift, and go to state 30
    DECREMENT_T  shift, and go to state 31
    '('          shift, and go to state 32
    '-'          shift, and go to state 33
    '!'          shift, and go to state 34

    $default  reduce using rule 50 (forHeaderExpr)

    forHeaderExpr  go to state 172
    expression     go to state 141
    var            go to state 36
    rValue         go to state 37
    call           go to state 38


State 168

   42 ifStatement: IF_T '(' error ')' statement ELSE_T . statement

    error        shift, and go to state 102
    ID_T         shift, and go to state 28
    INTCONST_T   shift, and go to state 29
    INCREMENT_T  shift, and go to state 30
    DECREMENT_T  shift, and go to state 31
    WHILE_T      shift, and go to state 103
    FOR_T        shift, and go to state 104
    IF_T         shift, and go to state 105
    RETURN_T     shift, and go to state 106
    READ_T       shift, and go to state 107
    PRINT_T      shift, and go to state 108
    DO_T         shift, and go to state 109
    '('          shift, and go to state 32
    '-'          shift, and go to state 33
    '!'          shift, and go to state 34
    ';'          shift, and go to state 110
    '{'          shift, and go to state 70

    compoundStatement    go to state 112
    statement            go to state 173
    expressionStatement  go to state 114
    ifStatement          go to state 115
    whileStatement       go to state 116
    doWhileStatement     go to state 117
    forStatement         go to state 118
    returnStatement      go to state 119
    readStatement        go to state 120
    printStatement       go to state 121
    expression           go to state 122
    var                  go to state 36
    rValue               go to state 37
    call                 go to state 38


State 169

   41 ifStatement: IF_T '(' expression ')' statement ELSE_T . statement

    error        shift, and go to state 102
    ID_T         shift, and go to state 28
    INTCONST_T   shift, and go to state 29
    INCREMENT_T  shift, and go to state 30
    DECREMENT_T  shift, and go to state 31
    WHILE_T      shift, and go to state 103
    FOR_T        shift, and go to state 104
    IF_T         shift, and go to state 105
    RETURN_T     shift, and go to state 106
    READ_T       shift, and go to state 107
    PRINT_T      shift, and go to state 108
    DO_T         shift, and go to state 109
    '('          shift, and go to state 32
    '-'          shift, and go to state 33
    '!'          shift, and go to state 34
    ';'          shift, and go to state 110
    '{'          shift, and go to state 70

    compoundStatement    go to state 112
    statement            go to state 174
    expressionStatement  go to state 114
    ifStatement          go to state 115
    whileStatement       go to state 116
    doWhileStatement     go to state 117
    forStatement         go to state 118
    returnStatement      go to state 119
    readStatement        go to state 120
    printStatement       go to state 121
    expression           go to state 122
    var                  go to state 36
    rValue               go to state 37
    call                 go to state 38


State 170

   46 doWhileStatement: DO_T statement WHILE_T '(' error ')' . ';'

    ';'  shift, and go to state 175


State 171

   45 doWhileStatement: DO_T statement WHILE_T '(' expression ')' . ';'

    ';'  shift, and go to state 176


State 172

   47 forStatement: FOR_T '(' forHeaderExpr ';' forHeaderExpr ';' forHeaderExpr . ')' statement

    ')'  shift, and go to state 177


State 173

   42 ifStatement: IF_T '(' error ')' statement ELSE_T statement .

    $default  reduce using rule 42 (ifStatement)


State 174

   41 ifStatement: IF_T '(' expression ')' statement ELSE_T statement .

    $default  reduce using rule 41 (ifStatement)


State 175

   46 doWhileStatement: DO_T statement WHILE_T '(' error ')' ';' .

    $default  reduce using rule 46 (doWhileStatement)


State 176

   45 doWhileStatement: DO_T statement WHILE_T '(' expression ')' ';' .

    $default  reduce using rule 45 (doWhileStatement)


State 177

   47 forStatement: FOR_T '(' forHeaderExpr ';' forHeaderExpr ';' forHeaderExpr ')' . statement

    error        shift, and go to state 102
    ID_T         shift, and go to state 28
    INTCONST_T   shift, and go to state 29
    INCREMENT_T  shift, and go to state 30
    DECREMENT_T  shift, and go to state 31
    WHILE_T      shift, and go to state 103
    FOR_T        shift, and go to state 104
    IF_T         shift, and go to state 105
    RETURN_T     shift, and go to state 106
    READ_T       shift, and go to state 107
    PRINT_T      shift, and go to state 108
    DO_T         shift, and go to state 109
    '('          shift, and go to state 32
    '-'          shift, and go to state 33
    '!'          shift, and go to state 34
    ';'          shift, and go to state 110
    '{'          shift, and go to state 70

    compoundStatement    go to state 112
    statement            go to state 178
    expressionStatement  go to state 114
    ifStatement          go to state 115
    whileStatement       go to state 116
    doWhileStatement     go to state 117
    forStatement         go to state 118
    returnStatement      go to state 119
    readStatement        go to state 120
    printStatement       go to state 121
    expression           go to state 122
    var                  go to state 36
    rValue               go to state 37
    call                 go to state 38


State 178

   47 forStatement: FOR_T '(' forHeaderExpr ';' forHeaderExpr ';' forHeaderExpr ')' statement .

    $default  reduce using rule 47 (forStatement)
